
🚨 알림 감시 시작 — 2026-03-23 14:30 KST
  📊 종목 9개, 매크로 8개 로드

  ⚠️  4건 신규 알림 감지:
    🔴 긴급: 현대차 -5.61% 급락 (현재가: 488,000.00)
    🔴 긴급: 삼성전자 -5.72% 급락 (현재가: 188,000.00)
    🔴 긴급: TIGER 코리아AI전력기 -5.20% 급락 (현재가: 17,467.00)
    🟡 주의: 금 현물 -10.46% 급락 (현재: $4,378.20)
  💾 알림 DB 저장: 4건 (notified=1)
  🚨 알림 JSON 저장: /Users/jarvis/Projects/investment-bot/output/intel/alerts.json (4건)
  ⚠️  openclaw 명령어를 찾을 수 없음 — system event 건너뜀


🚨 알림 감시 시작 — 2026-03-23 14:40 KST
  📊 종목 9개, 매크로 8개 로드

  ✅ 이상 없음 (또는 중복 알림 필터됨)
  🟢 알림 없음 — alerts.json 제거


🚨 알림 감시 시작 — 2026-03-23 14:50 KST
  📊 종목 9개, 매크로 8개 로드

  ✅ 이상 없음 (또는 중복 알림 필터됨)
  🟢 알림 없음


🚨 알림 감시 시작 — 2026-03-23 15:00 KST
  📊 종목 9개, 매크로 8개 로드

  ✅ 이상 없음 (또는 중복 알림 필터됨)
  🟢 알림 없음 — alerts.json 제거


🚨 알림 감시 시작 — 2026-03-23 15:10 KST
  📊 종목 9개, 매크로 8개 로드

  ✅ 이상 없음 (또는 중복 알림 필터됨)
  🟢 알림 없음 — alerts.json 제거


🚨 알림 감시 시작 — 2026-03-23 15:20 KST
  📊 종목 9개, 매크로 8개 로드

  ✅ 이상 없음 (또는 중복 알림 필터됨)
  🟢 알림 없음


🚨 알림 감시 시작 — 2026-03-23 15:30 KST
  📊 종목 9개, 매크로 8개 로드

  ✅ 이상 없음 (또는 중복 알림 필터됨)
  🟢 알림 없음


🚨 알림 감시 시작 — 2026-03-23 15:40 KST
  📊 종목 9개, 매크로 8개 로드

  ✅ 이상 없음 (또는 중복 알림 필터됨)
  🟢 알림 없음


🚨 알림 감시 시작 — 2026-03-23 15:50 KST
  📊 종목 9개, 매크로 8개 로드

  ✅ 이상 없음 (또는 중복 알림 필터됨)
  🟢 알림 없음


🚨 알림 감시 시작 — 2026-03-24 09:00 KST
  📊 종목 9개, 매크로 8개 로드

  ⚠️  4건 신규 알림 감지:
    🔴 긴급: 현대차 -6.19% 급락 (현재가: 485,000.00)
    🔴 긴급: 삼성전자 -6.57% 급락 (현재가: 186,300.00)
    🔴 긴급: TIGER 코리아AI전력기 -6.08% 급락 (현재가: 17,305.00)
    🟡 주의: 금 현물 -9.63% 급락 (현재: $4,419.10)
  💾 알림 DB 저장: 4건 (notified=1)
  🚨 알림 JSON 저장: /Users/jarvis/Projects/investment-bot/output/intel/alerts.json (4건)
  📡 긴급알림 크론잡 생성 완료 — 1분 내 텔레그램 전송 (4건)


🚨 알림 감시 시작 — 2026-03-24 09:10 KST
  📊 종목 9개, 매크로 8개 로드

  ⚠️  1건 신규 알림 감지:
    🔴 긴급: 코스피 -4.16% 폭락 (현재: 5,405.75)
  💾 알림 DB 저장: 1건 (notified=1)
  🚨 알림 JSON 저장: /Users/jarvis/Projects/investment-bot/output/intel/alerts.json (1건)
  📡 긴급알림 크론잡 생성 완료 — 1분 내 텔레그램 전송 (1건)


🚨 알림 감시 시작 — 2026-03-24 09:20 KST
  📊 종목 9개, 매크로 8개 로드

  ✅ 이상 없음 (또는 중복 알림 필터됨)
  🟢 알림 없음


🚨 알림 감시 시작 — 2026-03-24 09:30 KST
  📊 종목 9개, 매크로 8개 로드

  ✅ 이상 없음 (또는 중복 알림 필터됨)
  🟢 알림 없음


🚨 알림 감시 시작 — 2026-03-24 09:40 KST
  📊 종목 9개, 매크로 8개 로드

  ✅ 이상 없음 (또는 중복 알림 필터됨)
  🟢 알림 없음


🚨 알림 감시 시작 — 2026-03-24 09:50 KST
  📊 종목 9개, 매크로 8개 로드

  ✅ 이상 없음 (또는 중복 알림 필터됨)
  🟢 알림 없음


🚨 알림 감시 시작 — 2026-03-24 10:00 KST
  📊 종목 9개, 매크로 8개 로드

  ✅ 이상 없음 (또는 중복 알림 필터됨)
  🟢 알림 없음


🚨 알림 감시 시작 — 2026-03-24 10:10 KST
  📊 종목 9개, 매크로 8개 로드

  ⚠️  1건 신규 알림 감지:
    🟡 주의: 금 현물 -10.69% 급락 (현재: $4,367.00)
  💾 알림 DB 저장: 1건 (notified=1)
  🚨 알림 JSON 저장: /Users/jarvis/Projects/investment-bot/output/intel/alerts.json (1건)
  📡 긴급알림 크론잡 생성 완료 — 1분 내 텔레그램 전송 (1건)


🚨 알림 감시 시작 — 2026-03-24 10:20 KST
  📊 종목 9개, 매크로 8개 로드

  ✅ 이상 없음 (또는 중복 알림 필터됨)
  🟢 알림 없음 — alerts.json 제거


🚨 알림 감시 시작 — 2026-03-24 10:30 KST
  📊 종목 9개, 매크로 8개 로드

  ✅ 이상 없음 (또는 중복 알림 필터됨)
  🟢 알림 없음


🚨 알림 감시 시작 — 2026-03-24 10:40 KST
  📊 종목 9개, 매크로 8개 로드

  ✅ 이상 없음 (또는 중복 알림 필터됨)
  🟢 알림 없음


🚨 알림 감시 시작 — 2026-03-24 10:50 KST
  📊 종목 9개, 매크로 8개 로드

  ✅ 이상 없음 (또는 중복 알림 필터됨)
  🟢 알림 없음


🚨 알림 감시 시작 — 2026-03-24 11:00 KST
  📊 종목 9개, 매크로 8개 로드

  ✅ 이상 없음 (또는 중복 알림 필터됨)
  🟢 알림 없음


🚨 알림 감시 시작 — 2026-03-24 11:10 KST
  📊 종목 9개, 매크로 8개 로드

  ✅ 이상 없음 (또는 중복 알림 필터됨)
  🟢 알림 없음


🚨 알림 감시 시작 — 2026-03-24 11:20 KST
  📊 종목 9개, 매크로 8개 로드

  ⚠️  1건 신규 알림 감지:
    🟡 주의: 금 현물 -11.59% 급락 (현재: $4,323.40)
  💾 알림 DB 저장: 1건 (notified=1)
  🚨 알림 JSON 저장: /Users/jarvis/Projects/investment-bot/output/intel/alerts.json (1건)
  📡 긴급알림 크론잡 생성 완료 — 1분 내 텔레그램 전송 (1건)


🚨 알림 감시 시작 — 2026-03-24 11:30 KST
  📊 종목 9개, 매크로 8개 로드

  ✅ 이상 없음 (또는 중복 알림 필터됨)
  🟢 알림 없음 — alerts.json 제거


🚨 알림 감시 시작 — 2026-03-24 11:40 KST
  📊 종목 9개, 매크로 8개 로드

  ✅ 이상 없음 (또는 중복 알림 필터됨)
  🟢 알림 없음


🚨 알림 감시 시작 — 2026-03-24 11:50 KST
  📊 종목 9개, 매크로 8개 로드

  ✅ 이상 없음 (또는 중복 알림 필터됨)
  🟢 알림 없음


🚨 알림 감시 시작 — 2026-03-24 12:00 KST
  📊 종목 9개, 매크로 8개 로드

  ✅ 이상 없음 (또는 중복 알림 필터됨)
  🟢 알림 없음


🚨 알림 감시 시작 — 2026-03-24 12:10 KST
  📊 종목 9개, 매크로 8개 로드

  ✅ 이상 없음 (또는 중복 알림 필터됨)
  🟢 알림 없음


🚨 알림 감시 시작 — 2026-03-24 12:20 KST
  📊 종목 9개, 매크로 8개 로드

  ⚠️  1건 신규 알림 감지:
    🟡 주의: 금 현물 -10.70% 급락 (현재: $4,366.90)
  💾 알림 DB 저장: 1건 (notified=1)
  🚨 알림 JSON 저장: /Users/jarvis/Projects/investment-bot/output/intel/alerts.json (1건)
  📡 긴급알림 크론잡 생성 완료 — 1분 내 텔레그램 전송 (1건)


🚨 알림 감시 시작 — 2026-03-24 12:30 KST
  📊 종목 9개, 매크로 8개 로드

  ✅ 이상 없음 (또는 중복 알림 필터됨)
  🟢 알림 없음 — alerts.json 제거


🚨 알림 감시 시작 — 2026-03-24 12:40 KST
  📊 종목 9개, 매크로 8개 로드

  ✅ 이상 없음 (또는 중복 알림 필터됨)
  🟢 알림 없음


🚨 알림 감시 시작 — 2026-03-24 12:50 KST
  📊 종목 9개, 매크로 8개 로드

  ✅ 이상 없음 (또는 중복 알림 필터됨)
  🟢 알림 없음


🚨 알림 감시 시작 — 2026-03-24 13:00 KST
  📊 종목 9개, 매크로 8개 로드

  ✅ 이상 없음 (또는 중복 알림 필터됨)
  🟢 알림 없음


🚨 알림 감시 시작 — 2026-03-24 13:10 KST
  📊 종목 9개, 매크로 8개 로드

  ✅ 이상 없음 (또는 중복 알림 필터됨)
  🟢 알림 없음


🚨 알림 감시 시작 — 2026-03-24 13:20 KST
  📊 종목 9개, 매크로 8개 로드

  ✅ 이상 없음 (또는 중복 알림 필터됨)
  🟢 알림 없음


🚨 알림 감시 시작 — 2026-03-24 13:30 KST
  📊 종목 9개, 매크로 8개 로드

  ⚠️  1건 신규 알림 감지:
    🟡 주의: 금 현물 -5.39% 급락 (현재: $4,352.60)
  💾 알림 DB 저장: 1건 (notified=1)
  🚨 알림 JSON 저장: /Users/jarvis/Projects/investment-bot/output/intel/alerts.json (1건)
  📡 긴급알림 크론잡 생성 완료 — 1분 내 텔레그램 전송 (1건)


🚨 알림 감시 시작 — 2026-03-24 13:40 KST
  📊 종목 9개, 매크로 8개 로드

  ✅ 이상 없음 (또는 중복 알림 필터됨)
  🟢 알림 없음 — alerts.json 제거


🚨 알림 감시 시작 — 2026-03-24 13:50 KST
  📊 종목 9개, 매크로 8개 로드

  ✅ 이상 없음 (또는 중복 알림 필터됨)
  🟢 알림 없음


🚨 알림 감시 시작 — 2026-03-24 14:00 KST
  📊 종목 9개, 매크로 8개 로드

  ✅ 이상 없음 (또는 중복 알림 필터됨)
  🟢 알림 없음


🚨 알림 감시 시작 — 2026-03-24 14:10 KST
  📊 종목 9개, 매크로 8개 로드

  ✅ 이상 없음 (또는 중복 알림 필터됨)
  🟢 알림 없음


🚨 알림 감시 시작 — 2026-03-24 14:20 KST
  📊 종목 9개, 매크로 8개 로드

  ✅ 이상 없음 (또는 중복 알림 필터됨)
  🟢 알림 없음


🚨 알림 감시 시작 — 2026-03-24 14:30 KST
  📊 종목 9개, 매크로 8개 로드

  ⚠️  1건 신규 알림 감지:
    🟡 주의: 금 현물 -5.96% 급락 (현재: $4,326.40)
  💾 알림 DB 저장: 1건 (notified=1)
  🚨 알림 JSON 저장: /Users/jarvis/Projects/investment-bot/output/intel/alerts.json (1건)
  📡 긴급알림 크론잡 생성 완료 — 1분 내 텔레그램 전송 (1건)


🚨 알림 감시 시작 — 2026-03-24 14:40 KST
  📊 종목 9개, 매크로 8개 로드

  ✅ 이상 없음 (또는 중복 알림 필터됨)
  🟢 알림 없음 — alerts.json 제거


🚨 알림 감시 시작 — 2026-03-24 14:50 KST
  📊 종목 9개, 매크로 8개 로드

  ✅ 이상 없음 (또는 중복 알림 필터됨)
  🟢 알림 없음


🚨 알림 감시 시작 — 2026-03-24 15:00 KST
  📊 종목 9개, 매크로 8개 로드

  ✅ 이상 없음 (또는 중복 알림 필터됨)
  🟢 알림 없음


🚨 알림 감시 시작 — 2026-03-24 15:10 KST
  📊 종목 9개, 매크로 8개 로드

  ✅ 이상 없음 (또는 중복 알림 필터됨)
  🟢 알림 없음


🚨 알림 감시 시작 — 2026-03-24 15:20 KST
  📊 종목 9개, 매크로 8개 로드

  ✅ 이상 없음 (또는 중복 알림 필터됨)
  🟢 알림 없음


🚨 알림 감시 시작 — 2026-03-24 15:30 KST
  📊 종목 9개, 매크로 8개 로드

  ✅ 이상 없음 (또는 중복 알림 필터됨)
  🟢 알림 없음


🚨 알림 감시 시작 — 2026-03-24 15:40 KST
  📊 종목 9개, 매크로 8개 로드

  ⚠️  1건 신규 알림 감지:
    🟡 주의: 금 현물 -4.87% 급락 (현재: $4,376.70)
  💾 알림 DB 저장: 1건 (notified=1)
  🚨 알림 JSON 저장: /Users/jarvis/Projects/investment-bot/output/intel/alerts.json (1건)
  📡 긴급알림 크론잡 생성 완료 — 1분 내 텔레그램 전송 (1건)


🚨 알림 감시 시작 — 2026-03-24 15:50 KST
  📊 종목 9개, 매크로 8개 로드

  ✅ 이상 없음 (또는 중복 알림 필터됨)
  🟢 알림 없음 — alerts.json 제거


🚨 알림 감시 시작 — 2026-03-25 09:00 KST
  📊 종목 9개, 매크로 8개 로드

  ⚠️  1건 신규 알림 감지:
    🟡 주의: 금 현물 -4.36% 급락 (현재: $4,400.00)
  💾 알림 DB 저장: 1건 (notified=1)
  🚨 알림 JSON 저장: /Users/jarvis/Projects/investment-bot/output/intel/alerts.json (1건)
  📡 긴급알림 크론잡 생성 완료 — 1분 내 텔레그램 전송 (1건)


🚨 알림 감시 시작 — 2026-03-25 09:10 KST
  📊 종목 9개, 매크로 8개 로드

  ✅ 이상 없음 (또는 중복 알림 필터됨)
  🟢 알림 없음


🚨 알림 감시 시작 — 2026-03-25 09:20 KST
  📊 종목 9개, 매크로 8개 로드

  ✅ 이상 없음 (또는 중복 알림 필터됨)
  🟢 알림 없음


🚨 알림 감시 시작 — 2026-03-25 09:30 KST
  📊 종목 9개, 매크로 8개 로드

  ✅ 이상 없음 (또는 중복 알림 필터됨)
  🟢 알림 없음


🚨 알림 감시 시작 — 2026-03-25 09:40 KST
  📊 종목 9개, 매크로 8개 로드

  ✅ 이상 없음 (또는 중복 알림 필터됨)
  🟢 알림 없음


🚨 알림 감시 시작 — 2026-03-25 09:50 KST
  📊 종목 9개, 매크로 8개 로드

  ✅ 이상 없음 (또는 중복 알림 필터됨)
  🟢 알림 없음


🚨 알림 감시 시작 — 2026-03-25 10:00 KST
  📊 종목 9개, 매크로 8개 로드

  ✅ 이상 없음 (또는 중복 알림 필터됨)
  🟢 알림 없음


🚨 알림 감시 시작 — 2026-03-25 10:10 KST
  📊 종목 9개, 매크로 8개 로드

  ✅ 이상 없음 (또는 중복 알림 필터됨)
  🟢 알림 없음


🚨 알림 감시 시작 — 2026-03-25 10:20 KST
  📊 종목 9개, 매크로 8개 로드

  ⚠️  1건 신규 알림 감지:
    🟢 알림: TIGER 코리아AI전력기 +5.01% 급등 (현재가: 18,382.00)
  💾 알림 DB 저장: 1건 (notified=1)
  🚨 알림 JSON 저장: /Users/jarvis/Projects/investment-bot/output/intel/alerts.json (1건)
  📡 긴급알림 크론잡 생성 완료 — 1분 내 텔레그램 전송 (1건)


🚨 알림 감시 시작 — 2026-03-25 10:30 KST
  📊 종목 9개, 매크로 8개 로드

  ✅ 이상 없음 (또는 중복 알림 필터됨)
  🟢 알림 없음 — alerts.json 제거


🚨 알림 감시 시작 — 2026-03-25 10:40 KST
  📊 종목 9개, 매크로 8개 로드

  ✅ 이상 없음 (또는 중복 알림 필터됨)
  🟢 알림 없음


🚨 알림 감시 시작 — 2026-03-25 10:50 KST
  📊 종목 9개, 매크로 8개 로드

  ✅ 이상 없음 (또는 중복 알림 필터됨)
  🟢 알림 없음


🚨 알림 감시 시작 — 2026-03-25 11:00 KST
  📊 종목 9개, 매크로 8개 로드

  ✅ 이상 없음 (또는 중복 알림 필터됨)
  🟢 알림 없음


🚨 알림 감시 시작 — 2026-03-25 11:10 KST
  📊 종목 9개, 매크로 8개 로드

  ✅ 이상 없음 (또는 중복 알림 필터됨)
  🟢 알림 없음


🚨 알림 감시 시작 — 2026-03-25 11:20 KST
  📊 종목 9개, 매크로 8개 로드

  ✅ 이상 없음 (또는 중복 알림 필터됨)
  🟢 알림 없음


🚨 알림 감시 시작 — 2026-03-25 11:30 KST
  📊 종목 9개, 매크로 8개 로드

  ✅ 이상 없음 (또는 중복 알림 필터됨)
  🟢 알림 없음


🚨 알림 감시 시작 — 2026-03-25 11:40 KST
  📊 종목 9개, 매크로 8개 로드

  ⚠️  1건 신규 알림 감지:
    🟢 알림: TIGER 코리아AI전력기 +5.24% 급등 (현재가: 18,422.00)
  💾 알림 DB 저장: 1건 (notified=1)
  🚨 알림 JSON 저장: /Users/jarvis/Projects/investment-bot/output/intel/alerts.json (1건)
  ⚠️  크론잡 생성 실패: Error: gateway closed (1006 abnormal closure (no close frame)): no close reason
Gateway target: ws://127.0.0.1:18789
Source: local loopback
Config: /Users/jarvis/.openclaw/openclaw.json
Bind: loopback


🚨 알림 감시 시작 — 2026-03-25 11:50 KST
  📊 종목 9개, 매크로 8개 로드

  ✅ 이상 없음 (또는 중복 알림 필터됨)
  🟢 알림 없음 — alerts.json 제거


🚨 알림 감시 시작 — 2026-03-25 12:00 KST
  📊 종목 9개, 매크로 8개 로드

  ✅ 이상 없음 (또는 중복 알림 필터됨)
  🟢 알림 없음


🚨 알림 감시 시작 — 2026-03-25 12:10 KST
  📊 종목 9개, 매크로 8개 로드

  ✅ 이상 없음 (또는 중복 알림 필터됨)
  🟢 알림 없음


🚨 알림 감시 시작 — 2026-03-25 12:20 KST
  📊 종목 9개, 매크로 8개 로드

  ✅ 이상 없음 (또는 중복 알림 필터됨)
  🟢 알림 없음


🚨 알림 감시 시작 — 2026-03-25 12:30 KST
  📊 종목 9개, 매크로 8개 로드

  ✅ 이상 없음 (또는 중복 알림 필터됨)
  🟢 알림 없음


🚨 알림 감시 시작 — 2026-03-25 12:40 KST
  📊 종목 9개, 매크로 8개 로드

  ✅ 이상 없음 (또는 중복 알림 필터됨)
  🟢 알림 없음


🚨 알림 감시 시작 — 2026-03-25 12:50 KST
  📊 종목 9개, 매크로 8개 로드

  ✅ 이상 없음 (또는 중복 알림 필터됨)
  🟢 알림 없음


🚨 알림 감시 시작 — 2026-03-25 13:00 KST
  📊 종목 9개, 매크로 8개 로드

  ✅ 이상 없음 (또는 중복 알림 필터됨)
  🟢 알림 없음


🚨 알림 감시 시작 — 2026-03-25 13:10 KST
  📊 종목 9개, 매크로 8개 로드

  ✅ 이상 없음 (또는 중복 알림 필터됨)
  🟢 알림 없음


🚨 알림 감시 시작 — 2026-03-25 13:20 KST
  📊 종목 9개, 매크로 8개 로드

  ✅ 이상 없음 (또는 중복 알림 필터됨)
  🟢 알림 없음


🚨 알림 감시 시작 — 2026-03-25 13:30 KST
  📊 종목 9개, 매크로 8개 로드

  ✅ 이상 없음 (또는 중복 알림 필터됨)
  🟢 알림 없음


🚨 알림 감시 시작 — 2026-03-25 13:40 KST
  📊 종목 9개, 매크로 8개 로드

  ⚠️  1건 신규 알림 감지:
    🟢 알림: TIGER 코리아AI전력기 +5.83% 급등 (현재가: 18,525.00)
  💾 알림 DB 저장: 1건 (notified=1)
  🚨 알림 JSON 저장: /Users/jarvis/Projects/investment-bot/output/intel/alerts.json (1건)
  📡 긴급알림 크론잡 생성 완료 — 1분 내 텔레그램 전송 (1건)


🚨 알림 감시 시작 — 2026-03-25 13:50 KST
  📊 종목 9개, 매크로 8개 로드

  ✅ 이상 없음 (또는 중복 알림 필터됨)
  🟢 알림 없음 — alerts.json 제거


🚨 알림 감시 시작 — 2026-03-25 14:00 KST
  📊 종목 9개, 매크로 8개 로드

  ✅ 이상 없음 (또는 중복 알림 필터됨)
  🟢 알림 없음


🚨 알림 감시 시작 — 2026-03-25 14:10 KST
  📊 종목 9개, 매크로 8개 로드

  ✅ 이상 없음 (또는 중복 알림 필터됨)
  🟢 알림 없음

