
🚨 알림 감지 시작 — 2026-03-23 14:00 KST

  ⚠️  4건 알림 감지:
    🔴 긴급: 삼성전자 -5.57% 급락 (현재가: 188,300.00)
    🔴 긴급: 현대차 -5.51% 급락 (현재가: 488,500.00)
    🔴 긴급: TIGER 코리아AI전력기 -5.13% 급락 (현재가: 17,480.00)
    🟡 주의: 금 현물 -12.87% 급락 (현재: $4,357.30)
  💾 알림 DB 저장: 4건
  🚨 알림 JSON 저장: /Users/jarvis/Projects/investment-bot/output/intel/alerts.json (4건)


🚨 알림 감지 시작 — 2026-03-23 14:10 KST

  ⚠️  4건 알림 감지:
    🔴 긴급: 삼성전자 -5.77% 급락 (현재가: 187,900.00)
    🔴 긴급: 현대차 -5.61% 급락 (현재가: 488,000.00)
    🔴 긴급: TIGER 코리아AI전력기 -5.29% 급락 (현재가: 17,450.00)
    🟡 주의: 금 현물 -10.61% 급락 (현재: $4,371.20)
  💾 알림 DB 저장: 4건
  🚨 알림 JSON 저장: /Users/jarvis/Projects/investment-bot/output/intel/alerts.json (4건)


🚨 알림 감지 시작 — 2026-03-23 14:20 KST

  ⚠️  4건 알림 감지:
    🔴 긴급: 삼성전자 -5.87% 급락 (현재가: 187,700.00)
    🔴 긴급: 현대차 -5.71% 급락 (현재가: 487,500.00)
    🔴 긴급: TIGER 코리아AI전력기 -5.59% 급락 (현재가: 17,395.00)
    🟡 주의: 금 현물 -10.61% 급락 (현재: $4,370.90)
  💾 알림 DB 저장: 4건
  🚨 알림 JSON 저장: /Users/jarvis/Projects/investment-bot/output/intel/alerts.json (4건)

