
🌍 매크로 지표 수집 시작 — 2026-03-23 14:00 KST
  ✅ 코스피: 5,444.37 (-1.90%)
  ✅ 코스닥: 1,107.09 (-2.74%)
  ✅ 원/달러: 1,508.08원 (+1.29%)
  ✅ WTI 유가: 99.11 (+2.90%)
  ✅ 브렌트유: 108.01 (+0.59%)
  ✅ 금 현물: 4,371.20 (-10.61%)
  ✅ 달러 인덱스: 99.67 (-0.41%)
  ✅ VIX: 26.78 (+13.91%)
  💾 DB 저장 완료: 8건
  📄 JSON 저장: /Users/jarvis/Projects/investment-bot/output/intel/macro.json

✅ 매크로 수집 완료: 성공 8건, 실패 0건


🌍 매크로 지표 수집 시작 — 2026-03-23 14:10 KST
  ✅ 코스피: 5,440.16 (-1.98%)
  ✅ 코스닥: 1,106.18 (-2.82%)
  ✅ 원/달러: 1,507.08원 (+1.22%)
  ✅ WTI 유가: 98.90 (+2.68%)
  ✅ 브렌트유: 107.84 (+0.43%)
  ✅ 금 현물: 4,370.90 (-10.61%)
  ✅ 달러 인덱스: 99.65 (-0.44%)
  ✅ VIX: 26.78 (+13.91%)
  💾 DB 저장 완료: 8건
  📄 JSON 저장: /Users/jarvis/Projects/investment-bot/output/intel/macro.json

✅ 매크로 수집 완료: 성공 8건, 실패 0건


🌍 매크로 지표 수집 시작 — 2026-03-23 14:20 KST
  ✅ 코스피: 5,449.68 (-1.80%)
  ✅ 코스닥: 1,108.17 (-2.65%)
  ✅ 원/달러: 1,507.67원 (+1.26%)
  ✅ WTI 유가: 98.78 (+2.55%)
  ✅ 브렌트유: 107.81 (+0.40%)
  ✅ 금 현물: 4,378.20 (-10.46%)
  ✅ 달러 인덱스: 99.65 (-0.44%)
  ✅ VIX: 26.78 (+13.91%)
  💾 DB 저장 완료: 8건
  📄 JSON 저장: /Users/jarvis/Projects/investment-bot/output/intel/macro.json

✅ 매크로 수집 완료: 성공 8건, 실패 0건


🌍 매크로 지표 수집 시작 — 2026-03-23 14:30 KST
  ✅ 코스피: 5,468.79 (-1.46%)
  ✅ 코스닥: 1,111.38 (-2.36%)
  ✅ 원/달러: 1,507.98원 (+1.28%)
  ✅ WTI 유가: 98.94 (+2.72%)
  ✅ 브렌트유: 107.89 (+0.47%)
  ✅ 금 현물: 4,371.10 (-10.61%)
  ✅ 달러 인덱스: 99.71 (-0.38%)
  ✅ VIX: 26.78 (+13.91%)
  💾 DB 저장 완료: 8건
  📄 JSON 저장: /Users/jarvis/Projects/investment-bot/output/intel/macro.json

✅ 매크로 수집 완료: 성공 8건, 실패 0건


🌍 매크로 지표 수집 시작 — 2026-03-23 14:40 KST
  ✅ 코스피: 5,458.17 (-1.65%)
  ✅ 코스닥: 1,110.03 (-2.48%)
  ✅ 원/달러: 1,508.20원 (+1.30%)
  ✅ WTI 유가: 98.64 (+2.41%)
  ✅ 브렌트유: 107.78 (+0.37%)
  ✅ 금 현물: 4,360.30 (-10.83%)
  ✅ 달러 인덱스: 99.72 (-0.37%)
  ✅ VIX: 26.78 (+13.91%)
  💾 DB 저장 완료: 8건
  📄 JSON 저장: /Users/jarvis/Projects/investment-bot/output/intel/macro.json

✅ 매크로 수집 완료: 성공 8건, 실패 0건

