
📰 뉴스 수집 시작 — 2026-03-23 14:00 KST
  ✅ 삼성전자: 3건 수집
  ✅ 현대차: 3건 수집
  ✅ TIGER 코리아AI전력기: 3건 수집
  ✅ TIGER 미국방산TOP10: 3건 수집
  ✅ 테슬라: 3건 수집
  ✅ 알파벳: 3건 수집
  ✅ SPDR S&P Oil: 3건 수집
  ✅ 금 현물: 0건 수집
  ✅ 매크로 [한국 증시]: 2건 수집
  ✅ 매크로 [미국 증시]: 2건 수집
  ✅ 매크로 [원달러 환율]: 2건 수집
  ✅ 매크로 [유가 전망]: 2건 수집
  ✅ 매크로 [금리 전망]: 2건 수집
  💾 뉴스 DB 저장: 29건
  📄 뉴스 JSON 저장: /Users/jarvis/Projects/investment-bot/output/intel/news.json

✅ 뉴스 수집 완료: 29건


📰 뉴스 수집 시작 — 2026-03-23 15:00 KST
  ✅ 삼성전자: 3건 수집
  ✅ 현대차: 3건 수집
  ✅ TIGER 코리아AI전력기: 3건 수집
  ✅ TIGER 미국방산TOP10: 3건 수집
  ✅ 테슬라: 3건 수집
  ✅ 알파벳: 3건 수집
  ✅ SPDR S&P Oil: 3건 수집
  ✅ 금 현물: 3건 수집
  ✅ 매크로 [한국 증시]: 2건 수집
  ✅ 매크로 [미국 증시]: 2건 수집
  ✅ 매크로 [원달러 환율]: 2건 수집
  ✅ 매크로 [유가 전망]: 2건 수집
  ✅ 매크로 [금리 전망]: 2건 수집
  💾 뉴스 DB 저장: 32건
  📄 뉴스 JSON 저장: /Users/jarvis/Projects/investment-bot/output/intel/news.json

✅ 뉴스 수집 완료: 32건


📰 뉴스 수집 시작 — 2026-03-23 16:00 KST
  ✅ 삼성전자: 3건 수집
  ✅ 현대차: 3건 수집
  ✅ TIGER 코리아AI전력기: 3건 수집
  ✅ TIGER 미국방산TOP10: 3건 수집
  ✅ 테슬라: 3건 수집
  ✅ 알파벳: 3건 수집
  ✅ SPDR S&P Oil: 3건 수집
  ✅ 금 현물: 3건 수집
  ✅ 매크로 [한국 증시]: 2건 수집
  ✅ 매크로 [미국 증시]: 2건 수집
  ✅ 매크로 [원달러 환율]: 2건 수집
  ✅ 매크로 [유가 전망]: 2건 수집
  ✅ 매크로 [금리 전망]: 2건 수집
  💾 뉴스 DB 저장: 32건
  📄 뉴스 JSON 저장: /Users/jarvis/Projects/investment-bot/output/intel/news.json

✅ 뉴스 수집 완료: 32건


📰 뉴스 수집 시작 — 2026-03-23 17:00 KST
  ✅ 삼성전자: 3건 수집
  ✅ 현대차: 3건 수집
  ✅ TIGER 코리아AI전력기: 3건 수집
  ✅ TIGER 미국방산TOP10: 3건 수집
  ✅ 테슬라: 3건 수집
  ✅ 알파벳: 3건 수집
  ✅ SPDR S&P Oil: 3건 수집
  ✅ 금 현물: 3건 수집
  ✅ 매크로 [한국 증시]: 2건 수집
  ✅ 매크로 [미국 증시]: 2건 수집
  ✅ 매크로 [원달러 환율]: 2건 수집
  ✅ 매크로 [유가 전망]: 2건 수집
  ✅ 매크로 [금리 전망]: 2건 수집
  💾 뉴스 DB 저장: 32건
  📄 뉴스 JSON 저장: /Users/jarvis/Projects/investment-bot/output/intel/news.json

✅ 뉴스 수집 완료: 32건


📰 뉴스 수집 시작 — 2026-03-23 18:00 KST
  ✅ 삼성전자: 3건 수집
  ✅ 현대차: 3건 수집
  ✅ TIGER 코리아AI전력기: 3건 수집
  ✅ TIGER 미국방산TOP10: 3건 수집
  ✅ 테슬라: 3건 수집
  ✅ 알파벳: 3건 수집
  ✅ SPDR S&P Oil: 3건 수집
  ✅ 금 현물: 3건 수집
  ✅ geopolitics [미국 이란 전쟁 최신]: 2건 수집
  ✅ geopolitics [호르무즈 해협 봉쇄]: 2건 수집
  ✅ geopolitics [중동 전쟁 확전]: 2건 수집
  ✅ geopolitics [트럼프 이란 협상]: 2건 수집
  ✅ macro [연준 Fed 금리 결정]: 2건 수집
  ✅ macro [달러 인덱스 전망]: 2건 수집
  ✅ macro [WTI 유가 전망]: 2건 수집
  ✅ macro [원달러 환율 전망]: 2건 수집
  ✅ macro [코스피 전망 분석]: 2건 수집
  ✅ sector [에너지 ETF 강세 전망]: 2건 수집
  ✅ sector [방산주 투자 전망]: 2건 수집
  ✅ sector [AI 반도체 전망]: 2건 수집
  ✅ sector [한국 방산 수출]: 2건 수집
  ✅ opportunity [저평가 종목 발굴 추천]: 0건 수집
  ✅ opportunity [외국인 순매수 종목]: 2건 수집
  ✅ opportunity [52주 신저가 반등]: 2건 수집
  ✅ opportunity [섹터 로테이션 전략]: 2건 수집
  💾 뉴스 DB 저장: 12건 (중복 40건 스킵)
  📄 뉴스 JSON 저장: /Users/jarvis/Projects/investment-bot/output/intel/news.json

✅ 뉴스 수집 완료: 52건


📰 뉴스 수집 시작 — 2026-03-23 21:30 KST
  ✅ 삼성전자: 3건 수집
  ✅ 현대차: 3건 수집
  ✅ TIGER 코리아AI전력기: 3건 수집
  ✅ TIGER 미국방산TOP10: 3건 수집
  ✅ 테슬라: 3건 수집
  ✅ 알파벳: 3건 수집
  ✅ SPDR S&P Oil: 3건 수집
  ✅ 금 현물: 3건 수집
  ✅ geopolitics [미국 이란 전쟁 최신]: 2건 수집
  ✅ geopolitics [호르무즈 해협 봉쇄]: 2건 수집
  ✅ geopolitics [중동 전쟁 확전]: 2건 수집
  ✅ geopolitics [트럼프 이란 협상]: 2건 수집
  ✅ macro [연준 Fed 금리 결정]: 2건 수집
  ✅ macro [달러 인덱스 전망]: 2건 수집
  ✅ macro [WTI 유가 전망]: 2건 수집
  ✅ macro [원달러 환율 전망]: 2건 수집
  ✅ macro [코스피 전망 분석]: 2건 수집
  ✅ sector [에너지 ETF 강세 전망]: 2건 수집
  ✅ sector [방산주 투자 전망]: 2건 수집
  ✅ sector [AI 반도체 전망]: 2건 수집
  ✅ sector [한국 방산 수출]: 2건 수집
  ✅ opportunity [저평가 종목 발굴 추천]: 0건 수집
  ✅ opportunity [외국인 순매수 종목]: 2건 수집
  ✅ opportunity [52주 신저가 반등]: 2건 수집
  ✅ opportunity [섹터 로테이션 전략]: 2건 수집
  💾 뉴스 DB 저장: 16건 (중복 35건 스킵)
  📄 뉴스 JSON 저장: /Users/jarvis/Projects/investment-bot/output/intel/news.json

✅ 뉴스 수집 완료: 51건


📰 뉴스 수집 시작 — 2026-03-24 00:07 KST
  ✅ 삼성전자: 3건 수집
  ✅ 현대차: 3건 수집
  ✅ TIGER 코리아AI전력기: 3건 수집
  ✅ TIGER 미국방산TOP10: 3건 수집
  ✅ 테슬라: 3건 수집
  ✅ 알파벳: 3건 수집
  ✅ SPDR S&P Oil: 3건 수집
  ✅ 금 현물: 3건 수집
  ✅ geopolitics [미국 이란 전쟁 최신]: 2건 수집
  ✅ geopolitics [호르무즈 해협 봉쇄]: 2건 수집
  ✅ geopolitics [중동 전쟁 확전]: 2건 수집
  ✅ geopolitics [트럼프 이란 협상]: 2건 수집
  ✅ macro [연준 Fed 금리 결정]: 2건 수집
  ✅ macro [달러 인덱스 전망]: 2건 수집
  ✅ macro [WTI 유가 전망]: 2건 수집
  ✅ macro [원달러 환율 전망]: 2건 수집
  ✅ macro [코스피 전망 분석]: 2건 수집
  ✅ sector [에너지 ETF 강세 전망]: 2건 수집
  ✅ sector [방산주 투자 전망]: 2건 수집
  ✅ sector [AI 반도체 전망]: 2건 수집
  ✅ sector [한국 방산 수출]: 2건 수집
  ✅ opportunity [저평가 종목 발굴 추천]: 0건 수집
  ✅ opportunity [외국인 순매수 종목]: 2건 수집
  ✅ opportunity [52주 신저가 반등]: 2건 수집
  ✅ opportunity [섹터 로테이션 전략]: 2건 수집
  💾 뉴스 DB 저장: 13건 (중복 38건 스킵)
  📄 뉴스 JSON 저장: /Users/jarvis/Projects/investment-bot/output/intel/news.json

✅ 뉴스 수집 완료: 51건


📰 뉴스 수집 시작 — 2026-03-24 00:24 KST
  ✅ 삼성전자: 3건 수집
  ✅ 현대차: 3건 수집
  ✅ TIGER 코리아AI전력기: 3건 수집
  ✅ TIGER 미국방산TOP10: 3건 수집
  ✅ 테슬라: 3건 수집
  ✅ 알파벳: 3건 수집
  ✅ SPDR S&P Oil: 3건 수집
  ✅ 금 현물: 3건 수집
  ✅ geopolitics [미국 이란 전쟁 최신]: 2건 수집
  ✅ geopolitics [호르무즈 해협 봉쇄]: 2건 수집
  ✅ geopolitics [중동 전쟁 확전]: 2건 수집
  ✅ geopolitics [트럼프 이란 협상]: 2건 수집
  ✅ macro [연준 Fed 금리 결정]: 2건 수집
  ✅ macro [달러 인덱스 전망]: 2건 수집
  ✅ macro [WTI 유가 전망]: 2건 수집
  ✅ macro [원달러 환율 전망]: 2건 수집
  ✅ macro [코스피 전망 분석]: 2건 수집
  ✅ sector [에너지 ETF 강세 전망]: 2건 수집
  ✅ sector [방산주 투자 전망]: 2건 수집
  ✅ sector [AI 반도체 전망]: 2건 수집
  ✅ sector [한국 방산 수출]: 2건 수집
  ✅ opportunity [저평가 종목 발굴 추천]: 0건 수집
  ✅ opportunity [외국인 순매수 종목]: 2건 수집
  ✅ opportunity [52주 신저가 반등]: 2건 수집
  ✅ opportunity [섹터 로테이션 전략]: 2건 수집
  💾 뉴스 DB 저장: 3건 (중복 48건 스킵)
  📄 뉴스 JSON 저장: /Users/jarvis/Projects/investment-bot/output/intel/news.json

✅ 뉴스 수집 완료: 51건

📰 뉴스 수집 시작 — 2026-03-24 00:30 KST
  ✅ 삼성전자: 3건 수집
  ✅ 현대차: 3건 수집
  ✅ TIGER 코리아AI전력기: 3건 수집
  ✅ TIGER 미국방산TOP10: 3건 수집
  ✅ 테슬라: 3건 수집
  ✅ 알파벳: 3건 수집
  ✅ SPDR S&P Oil: 3건 수집
  ✅ 금 현물: 3건 수집
  ✅ geopolitics [미국 이란 전쟁 최신]: 2건 수집
  ✅ geopolitics [호르무즈 해협 봉쇄]: 2건 수집
  ✅ geopolitics [중동 전쟁 확전]: 2건 수집
  ✅ geopolitics [트럼프 이란 협상]: 2건 수집
  ✅ macro [연준 Fed 금리 결정]: 2건 수집
  ✅ macro [달러 인덱스 전망]: 2건 수집
  ✅ macro [WTI 유가 전망]: 2건 수집
  ✅ macro [원달러 환율 전망]: 2건 수집
  ✅ macro [코스피 전망 분석]: 2건 수집
  ✅ sector [에너지 ETF 강세 전망]: 2건 수집
  ✅ sector [방산주 투자 전망]: 2건 수집
  ✅ sector [AI 반도체 전망]: 2건 수집
  ✅ sector [한국 방산 수출]: 2건 수집
  ✅ opportunity [저평가 종목 발굴 추천]: 0건 수집
  ✅ opportunity [외국인 순매수 종목]: 2건 수집
  ✅ opportunity [52주 신저가 반등]: 2건 수집
  ✅ opportunity [섹터 로테이션 전략]: 2건 수집
  💾 뉴스 DB 저장: 0건 (중복 51건 스킵)
  📄 뉴스 JSON 저장: /Users/jarvis/Projects/investment-bot/output/intel/news.json

✅ 뉴스 수집 완료: 51건

📰 뉴스 수집 시작 — 2026-03-24 00:31 KST
  ✅ 삼성전자: 3건 수집
  ✅ 현대차: 3건 수집
  ✅ TIGER 코리아AI전력기: 3건 수집
  ✅ TIGER 미국방산TOP10: 3건 수집
  ✅ 테슬라: 3건 수집
  ✅ 알파벳: 3건 수집
  ✅ SPDR S&P Oil: 3건 수집
  ✅ 금 현물: 3건 수집
  ✅ geopolitics [미국 이란 전쟁 최신]: 2건 수집
  ✅ geopolitics [호르무즈 해협 봉쇄]: 2건 수집
  ✅ geopolitics [중동 전쟁 확전]: 2건 수집
  ✅ geopolitics [트럼프 이란 협상]: 2건 수집
  ✅ macro [연준 Fed 금리 결정]: 2건 수집
  ✅ macro [달러 인덱스 전망]: 2건 수집
  ✅ macro [WTI 유가 전망]: 2건 수집
  ✅ macro [원달러 환율 전망]: 2건 수집
  ✅ macro [코스피 전망 분석]: 2건 수집
  ✅ sector [에너지 ETF 강세 전망]: 2건 수집
  ✅ sector [방산주 투자 전망]: 2건 수집
  ✅ sector [AI 반도체 전망]: 2건 수집
  ✅ sector [한국 방산 수출]: 2건 수집
  ✅ opportunity [저평가 종목 발굴 추천]: 0건 수집
  ✅ opportunity [외국인 순매수 종목]: 2건 수집
  ✅ opportunity [52주 신저가 반등]: 2건 수집
  ✅ opportunity [섹터 로테이션 전략]: 2건 수집
  💾 뉴스 DB 저장: 0건 (중복 51건 스킵)
  📄 뉴스 JSON 저장: /Users/jarvis/Projects/investment-bot/output/intel/news.json

✅ 뉴스 수집 완료: 51건

📰 뉴스 수집 시작 — 2026-03-24 00:43 KST
  ✅ 삼성전자: 3건 수집
  ✅ 현대차: 3건 수집
  ✅ TIGER 코리아AI전력기: 3건 수집
  ✅ TIGER 미국방산TOP10: 3건 수집
  ✅ 테슬라: 3건 수집
  ✅ 알파벳: 3건 수집
  ✅ SPDR S&P Oil: 3건 수집
  ✅ 금 현물: 3건 수집
  ✅ geopolitics [미국 이란 전쟁 최신]: 2건 수집
  ✅ geopolitics [호르무즈 해협 봉쇄]: 2건 수집
  ✅ geopolitics [중동 전쟁 확전]: 2건 수집
  ✅ geopolitics [트럼프 이란 협상]: 2건 수집
  ✅ macro [연준 Fed 금리 결정]: 2건 수집
  ✅ macro [달러 인덱스 전망]: 2건 수집
  ✅ macro [WTI 유가 전망]: 2건 수집
  ✅ macro [원달러 환율 전망]: 2건 수집
  ✅ macro [코스피 전망 분석]: 2건 수집
  ✅ sector [에너지 ETF 강세 전망]: 2건 수집
  ✅ sector [방산주 투자 전망]: 2건 수집
  ✅ sector [AI 반도체 전망]: 2건 수집
  ✅ sector [한국 방산 수출]: 2건 수집
  ✅ opportunity [저평가 종목 발굴 추천]: 0건 수집
  ✅ opportunity [외국인 순매수 종목]: 2건 수집
  ✅ opportunity [52주 신저가 반등]: 2건 수집
  ✅ opportunity [섹터 로테이션 전략]: 2건 수집
  💾 뉴스 DB 저장: 2건 (중복 49건 스킵)
  📄 뉴스 JSON 저장: /Users/jarvis/Projects/investment-bot/output/intel/news.json

✅ 뉴스 수집 완료: 51건

📰 뉴스 수집 시작 — 2026-03-24 02:30 KST
  ✅ 삼성전자: 3건 수집
  ✅ 현대차: 3건 수집
  ✅ TIGER 코리아AI전력기: 3건 수집
  ✅ TIGER 미국방산TOP10: 3건 수집
  ✅ 테슬라: 3건 수집
  ✅ 알파벳: 3건 수집
  ✅ SPDR S&P Oil: 3건 수집
  ✅ 금 현물: 3건 수집
  ✅ geopolitics [미국 이란 전쟁 최신]: 2건 수집
  ✅ geopolitics [호르무즈 해협 봉쇄]: 2건 수집
  ✅ geopolitics [중동 전쟁 확전]: 2건 수집
  ✅ geopolitics [트럼프 이란 협상]: 2건 수집
  ✅ macro [연준 Fed 금리 결정]: 2건 수집
  ✅ macro [달러 인덱스 전망]: 2건 수집
  ✅ macro [WTI 유가 전망]: 2건 수집
  ✅ macro [원달러 환율 전망]: 2건 수집
  ✅ macro [코스피 전망 분석]: 2건 수집
  ✅ sector [에너지 ETF 강세 전망]: 2건 수집
  ✅ sector [방산주 투자 전망]: 2건 수집
  ✅ sector [AI 반도체 전망]: 2건 수집
  ✅ sector [한국 방산 수출]: 2건 수집
  ✅ opportunity [저평가 종목 발굴 추천]: 2건 수집
  ✅ opportunity [외국인 순매수 종목]: 2건 수집
  ✅ opportunity [52주 신저가 반등]: 2건 수집
  ✅ opportunity [섹터 로테이션 전략]: 2건 수집
  💾 뉴스 DB 저장: 13건 (중복 39건 스킵)
  📄 뉴스 JSON 저장: /Users/jarvis/Projects/investment-bot/output/intel/news.json

✅ 뉴스 수집 완료: 52건

📰 뉴스 수집 시작 — 2026-03-24 06:30 KST
  ✅ 삼성전자: 3건 수집
  ✅ 현대차: 3건 수집
  ✅ TIGER 코리아AI전력기: 3건 수집
  ✅ TIGER 미국방산TOP10: 3건 수집
  ✅ 테슬라: 3건 수집
  ✅ 알파벳: 3건 수집
  ✅ SPDR S&P Oil: 3건 수집
  ✅ 금 현물: 3건 수집
  ✅ geopolitics [미국 이란 전쟁 최신]: 2건 수집
  ✅ geopolitics [호르무즈 해협 봉쇄]: 2건 수집
  ✅ geopolitics [중동 전쟁 확전]: 2건 수집
  ✅ geopolitics [트럼프 이란 협상]: 2건 수집
  ✅ macro [연준 Fed 금리 결정]: 2건 수집
  ✅ macro [달러 인덱스 전망]: 2건 수집
  ✅ macro [WTI 유가 전망]: 2건 수집
  ✅ macro [원달러 환율 전망]: 2건 수집
  ✅ macro [코스피 전망 분석]: 2건 수집
  ✅ sector [에너지 ETF 강세 전망]: 2건 수집
  ✅ sector [방산주 투자 전망]: 2건 수집
  ✅ sector [AI 반도체 전망]: 2건 수집
  ✅ sector [한국 방산 수출]: 2건 수집
  ✅ opportunity [저평가 종목 발굴 추천]: 2건 수집
  ✅ opportunity [외국인 순매수 종목]: 2건 수집
  ✅ opportunity [52주 신저가 반등]: 2건 수집
  ✅ opportunity [섹터 로테이션 전략]: 2건 수집
  💾 뉴스 DB 저장: 10건 (중복 45건 스킵)
  📄 뉴스 JSON 저장: /Users/jarvis/Projects/investment-bot/output/intel/news.json

✅ 뉴스 수집 완료: 55건

📰 뉴스 수집 시작 — 2026-03-24 09:30 KST
  ✅ 삼성전자: 3건 수집
  ✅ 현대차: 3건 수집
  ✅ TIGER 코리아AI전력기: 3건 수집
  ✅ TIGER 미국방산TOP10: 3건 수집
  ✅ 테슬라: 3건 수집
  ✅ 알파벳: 3건 수집
  ✅ SPDR S&P Oil: 3건 수집
  ✅ 금 현물: 3건 수집
  ✅ geopolitics [미국 이란 전쟁 최신]: 2건 수집
  ✅ geopolitics [호르무즈 해협 봉쇄]: 2건 수집
  ✅ geopolitics [중동 전쟁 확전]: 2건 수집
  ✅ geopolitics [트럼프 이란 협상]: 2건 수집
  ✅ macro [연준 Fed 금리 결정]: 2건 수집
  ✅ macro [달러 인덱스 전망]: 2건 수집
  ✅ macro [WTI 유가 전망]: 2건 수집
  ✅ macro [원달러 환율 전망]: 2건 수집
  ✅ macro [코스피 전망 분석]: 2건 수집
  ✅ sector [에너지 ETF 강세 전망]: 2건 수집
  ✅ sector [방산주 투자 전망]: 2건 수집
  ✅ sector [AI 반도체 전망]: 2건 수집
  ✅ sector [한국 방산 수출]: 2건 수집
  ✅ opportunity [저평가 종목 발굴 추천]: 2건 수집
  ✅ opportunity [외국인 순매수 종목]: 2건 수집
  ✅ opportunity [52주 신저가 반등]: 2건 수집
  ✅ opportunity [섹터 로테이션 전략]: 2건 수집
  💾 뉴스 DB 저장: 24건 (중복 30건 스킵)
  📄 뉴스 JSON 저장: /Users/jarvis/Projects/investment-bot/output/intel/news.json

✅ 뉴스 수집 완료: 54건

📰 뉴스 수집 시작 — 2026-03-24 17:30 KST
  ✅ [RSS] 삼성전자: 3건
  ✅ [RSS] 현대차: 3건
  ✅ [RSS] TIGER 코리아AI전력기: 3건
  ✅ [RSS] TIGER 미국방산TOP10: 3건
  ✅ [RSS] 테슬라: 3건
  ✅ [RSS] 알파벳: 3건
  ✅ [RSS] SPDR S&P Oil: 3건
  ✅ [RSS] geopolitics [이란 전쟁]: 3건
  ✅ [RSS] macro [코스피]: 3건
  ✅ [RSS] macro [원달러 환율]: 3건
  ✅ [RSS] macro [WTI 유가]: 3건
  ✅ [RSS] macro [연준 금리]: 3건
  ✅ [Brave] opportunity [저평가 종목 발굴]: 2건
  ✅ [Brave] opportunity [외국인 순매수 종목]: 2건
  ✅ [Brave] opportunity [52주 신저가 반등]: 2건
  ✅ [Brave] opportunity [섹터 로테이션 전략]: 2건
  💾 뉴스 DB 저장: 15건 (중복 29건 스킵)
  📄 뉴스 JSON 저장: /Users/jarvis/Projects/investment-bot/output/intel/news.json

✅ 뉴스 수집 완료: RSS 36건, Brave 8건 (합계 44건)

📰 뉴스 수집 시작 — 2026-03-24 21:30 KST
  ✅ [RSS] 삼성전자: 3건
  ✅ [RSS] 현대차: 3건
  ✅ [RSS] TIGER 코리아AI전력기: 3건
  ✅ [RSS] TIGER 미국방산TOP10: 3건
  ✅ [RSS] 테슬라: 3건
  ✅ [RSS] 알파벳: 3건
  ✅ [RSS] SPDR S&P Oil: 3건
  ✅ [RSS] geopolitics [이란 전쟁]: 3건
  ✅ [RSS] macro [코스피]: 3건
  ✅ [RSS] macro [원달러 환율]: 3건
  ✅ [RSS] macro [WTI 유가]: 3건
  ✅ [RSS] macro [연준 금리]: 3건
  ✅ [Brave] opportunity [저평가 종목 발굴]: 2건
  ✅ [Brave] opportunity [외국인 순매수 종목]: 2건
  ✅ [Brave] opportunity [52주 신저가 반등]: 2건
  ✅ [Brave] opportunity [섹터 로테이션 전략]: 2건
  💾 뉴스 DB 저장: 13건 (중복 31건 스킵)
  📄 뉴스 JSON 저장: /Users/jarvis/Projects/investment-bot/output/intel/news.json

✅ 뉴스 수집 완료: RSS 36건, Brave 8건 (합계 44건)

📰 뉴스 수집 시작 — 2026-03-25 02:30 KST
  ✅ [RSS] 삼성전자: 3건
  ✅ [RSS] 현대차: 3건
  ✅ [RSS] TIGER 코리아AI전력기: 3건
  ✅ [RSS] TIGER 미국방산TOP10: 3건
  ✅ [RSS] 테슬라: 3건
  ✅ [RSS] 알파벳: 3건
  ✅ [RSS] SPDR S&P Oil: 3건
  ✅ [RSS] geopolitics [이란 전쟁]: 3건
  ✅ [RSS] macro [코스피]: 3건
  ✅ [RSS] macro [원달러 환율]: 3건
  ✅ [RSS] macro [WTI 유가]: 3건
  ✅ [RSS] macro [연준 금리]: 3건
  ✅ [Brave] opportunity [저평가 종목 발굴]: 2건
  ✅ [Brave] opportunity [외국인 순매수 종목]: 2건
  ✅ [Brave] opportunity [52주 신저가 반등]: 2건
  ✅ [Brave] opportunity [섹터 로테이션 전략]: 2건
  💾 뉴스 DB 저장: 11건 (중복 33건 스킵)
  📄 뉴스 JSON 저장: /Users/jarvis/Projects/investment-bot/output/intel/news.json

✅ 뉴스 수집 완료: RSS 36건, Brave 8건 (합계 44건)

📰 뉴스 수집 시작 — 2026-03-25 06:30 KST
  ✅ [RSS] 삼성전자: 3건
  ✅ [RSS] 현대차: 3건
  ✅ [RSS] TIGER 코리아AI전력기: 3건
  ✅ [RSS] TIGER 미국방산TOP10: 3건
  ✅ [RSS] 테슬라: 3건
  ✅ [RSS] 알파벳: 3건
  ✅ [RSS] SPDR S&P Oil: 3건
  ✅ [RSS] geopolitics [이란 전쟁]: 3건
  ✅ [RSS] macro [코스피]: 3건
  ✅ [RSS] macro [원달러 환율]: 3건
  ✅ [RSS] macro [WTI 유가]: 3건
  ✅ [RSS] macro [연준 금리]: 3건
  ✅ [Brave] opportunity [저평가 종목 발굴]: 2건
  ✅ [Brave] opportunity [외국인 순매수 종목]: 2건
  ✅ [Brave] opportunity [52주 신저가 반등]: 2건
  ✅ [Brave] opportunity [섹터 로테이션 전략]: 2건
  💾 뉴스 DB 저장: 9건 (중복 35건 스킵)
  📄 뉴스 JSON 저장: /Users/jarvis/Projects/investment-bot/output/intel/news.json

✅ 뉴스 수집 완료: RSS 36건, Brave 8건 (합계 44건)

📰 뉴스 수집 시작 — 2026-03-25 09:30 KST
  ✅ [RSS] 삼성전자: 3건
  ✅ [RSS] 현대차: 3건
  ✅ [RSS] TIGER 코리아AI전력기: 3건
  ✅ [RSS] TIGER 미국방산TOP10: 3건
  ✅ [RSS] 테슬라: 3건
  ✅ [RSS] 알파벳: 3건
  ✅ [RSS] SPDR S&P Oil: 3건
  ✅ [RSS] geopolitics [이란 전쟁]: 3건
  ✅ [RSS] macro [코스피]: 3건
  ✅ [RSS] macro [원달러 환율]: 3건
  ✅ [RSS] macro [WTI 유가]: 3건
  ✅ [RSS] macro [연준 금리]: 3건
  ✅ [Brave] opportunity [저평가 종목 발굴]: 0건
  ✅ [Brave] opportunity [외국인 순매수 종목]: 2건
  ✅ [Brave] opportunity [52주 신저가 반등]: 2건
  ✅ [Brave] opportunity [섹터 로테이션 전략]: 2건
  💾 뉴스 DB 저장: 18건 (중복 24건 스킵)
  📄 뉴스 JSON 저장: /Users/jarvis/Projects/investment-bot/output/intel/news.json

✅ 뉴스 수집 완료: RSS 36건, Brave 6건 (합계 42건)

📰 뉴스 수집 시작 — 2026-03-25 17:30 KST
  ✅ [RSS] 삼성전자: 3건
  ✅ [RSS] 현대차: 3건
  ✅ [RSS] TIGER 코리아AI전력기: 3건
  ✅ [RSS] TIGER 미국방산TOP10: 3건
  ✅ [RSS] 테슬라: 3건
  ✅ [RSS] 알파벳: 3건
  ✅ [RSS] SPDR S&P Oil: 3건
  ✅ [RSS] geopolitics [이란 전쟁]: 3건
  ✅ [RSS] macro [코스피]: 3건
  ✅ [RSS] macro [원달러 환율]: 3건
  ✅ [RSS] macro [WTI 유가]: 3건
  ✅ [RSS] macro [연준 금리]: 3건
  ✅ [Brave] opportunity [저평가 종목 발굴]: 2건
  ✅ [Brave] opportunity [외국인 순매수 종목]: 2건
  ✅ [Brave] opportunity [52주 신저가 반등]: 2건
  ✅ [Brave] opportunity [섹터 로테이션 전략]: 2건
  🧠 감성 분석 완료: 43건, 종목별 7개
  💾 뉴스 DB 저장: 10건 (중복 33건 스킵)
  📄 뉴스 JSON 저장: /Users/jarvis/Projects/investment-bot/output/intel/news.json

✅ 뉴스 수집 완료: RSS 35건, Brave 8건 (합계 43건)

📰 뉴스 수집 시작 — 2026-03-25 21:30 KST
  ✅ [RSS] 삼성전자: 3건
  ✅ [RSS] 현대차: 3건
  ✅ [RSS] TIGER 코리아AI전력기: 3건
  ✅ [RSS] TIGER 미국방산TOP10: 3건
  ✅ [RSS] 테슬라: 3건
  ✅ [RSS] 알파벳: 3건
  ✅ [RSS] SPDR S&P Oil: 3건
  ✅ [RSS] geopolitics [이란 전쟁]: 3건
  ✅ [RSS] macro [코스피]: 3건
  ✅ [RSS] macro [원달러 환율]: 3건
  ✅ [RSS] macro [WTI 유가]: 3건
  ✅ [RSS] macro [연준 금리]: 3건
  ✅ [Brave] opportunity [저평가 종목 발굴]: 2건
  ✅ [Brave] opportunity [외국인 순매수 종목]: 2건
  ✅ [Brave] opportunity [52주 신저가 반등]: 2건
  ✅ [Brave] opportunity [섹터 로테이션 전략]: 2건
  🧠 감성 분석 완료: 43건, 종목별 7개
  💾 뉴스 DB 저장: 13건 (중복 30건 스킵)
  📄 뉴스 JSON 저장: /Users/jarvis/Projects/investment-bot/output/intel/news.json

✅ 뉴스 수집 완료: RSS 35건, Brave 8건 (합계 43건)

📰 뉴스 수집 시작 — 2026-03-26 02:30 KST
  ✅ [RSS] 삼성전자: 3건
  ✅ [RSS] 현대차: 3건
  ✅ [RSS] TIGER 코리아AI전력기: 3건
  ✅ [RSS] TIGER 미국방산TOP10: 3건
  ✅ [RSS] 테슬라: 3건
  ✅ [RSS] 알파벳: 3건
  ✅ [RSS] SPDR S&P Oil: 3건
  ✅ [RSS] geopolitics [이란 전쟁]: 3건
  ✅ [RSS] macro [코스피]: 3건
  ✅ [RSS] macro [원달러 환율]: 3건
  ✅ [RSS] macro [WTI 유가]: 3건
  ✅ [RSS] macro [연준 금리]: 3건
  🧠 감성 분석 완료: 36건, 종목별 7개
  💾 뉴스 DB 저장: 12건 (중복 24건 스킵)
  📄 뉴스 JSON 저장: /Users/jarvis/Projects/investment-bot/output/intel/news.json

✅ 뉴스 수집 완료: RSS 36건, Brave 0건 (합계 36건)

📰 뉴스 수집 시작 — 2026-03-26 06:30 KST
  ✅ [RSS] 삼성전자: 3건
  ✅ [RSS] 현대차: 3건
  ✅ [RSS] TIGER 코리아AI전력기: 3건
  ✅ [RSS] TIGER 미국방산TOP10: 3건
  ✅ [RSS] 테슬라: 3건
  ✅ [RSS] 알파벳: 3건
  ✅ [RSS] SPDR S&P Oil: 3건
  ✅ [RSS] geopolitics [이란 전쟁]: 3건
  ✅ [RSS] macro [코스피]: 3건
  ✅ [RSS] macro [원달러 환율]: 3건
  ✅ [RSS] macro [WTI 유가]: 3건
  ✅ [RSS] macro [연준 금리]: 3건
  🧠 감성 분석 완료: 36건, 종목별 7개
  💾 뉴스 DB 저장: 11건 (중복 25건 스킵)
  📄 뉴스 JSON 저장: /Users/jarvis/Projects/investment-bot/output/intel/news.json

✅ 뉴스 수집 완료: RSS 36건, Brave 0건 (합계 36건)
