│
◇  Doctor warnings ────────────────────────────────────────────────────────╮
│                                                                          │
│  - channels.telegram.groupPolicy is "allowlist" but groupAllowFrom (and  │
│    allowFrom) is empty — all group messages will be silently dropped.    │
│    Add sender IDs to channels.telegram.groupAllowFrom or                 │
│    channels.telegram.allowFrom, or set groupPolicy to "open".            │
│                                                                          │
├──────────────────────────────────────────────────────────────────────────╯
{
  "id": "5995be66-41c8-4a63-94da-fae8c88a4d62",
  "name": "뉴스수집결과",
  "enabled": true,
  "deleteAfterRun": true,
  "createdAtMs": 1774279900979,
  "updatedAtMs": 1774279900979,
  "schedule": {
    "kind": "at",
    "at": "2026-03-23T15:32:40.963Z"
  },
  "sessionTarget": "isolated",
  "wakeMode": "now",
  "payload": {
    "kind": "agentTurn",
    "message": "📰 뉴스 수집 완료 — 00:31 KST\\n\\n✅ 성공\\n- 신규: 0건\\n- 중복 스킵: 0건\\n- 누적: 51건"
  },
  "delivery": {
    "mode": "announce",
    "channel": "telegram",
    "to": "2111337920"
  },
  "state": {
    "nextRunAtMs": 1774279960963
  }
}
