============================================================
🏦 투자 인텔리전스 봇 — 일일 파이프라인
============================================================
✅ 데이터베이스 초기화 완료: /Users/jarvis/Projects/investment-bot/db/history.db

📊 주가 수집 시작 — 2026-03-24 05:00 KST
  ✅ 삼성전자 (005930.KS): 186,300.00 (-6.57%)
  ✅ 현대차 (005380.KS): 485,000.00 (-6.19%)
  ✅ TIGER 코리아AI전력기 (0117V0.KS): 17,305.00 (-6.08%)
  ✅ TIGER 미국방산TOP10 (458730.KS): 14,510.00 (-0.34%)
  ✅ 테슬라 (TSLA): 381.04 (+3.55%)
  ✅ 알파벳 (GOOGL): 302.21 (+0.40%)
  ✅ SPDR S&P Oil (XOP): 174.89 (-0.86%)
  ✅ 금 현물 (GOLD_KRW_G): 211,159.00 (-4.60%)
  💾 DB 저장 완료: 8건
  📄 JSON 저장: /Users/jarvis/Projects/investment-bot/output/intel/prices.json

✅ 수집 완료: 성공 8건, 실패 0건


🌍 매크로 지표 수집 시작 — 2026-03-24 05:00 KST
  ✅ 코스피: 5,405.75 (-2.60%)
  ✅ 코스닥: 1,096.89 (-3.64%)
  ✅ 원/달러: 1,485.86원 (-0.20%)
  ✅ WTI 유가: 88.50 (-8.12%)
  ✅ 브렌트유: 99.65 (-7.20%)
  ✅ 금 현물: 4,419.10 (-9.63%)
  ✅ 달러 인덱스: 99.10 (-0.99%)
  ✅ VIX: 25.41 (+13.59%)
  💾 DB 저장 완료: 8건
  📄 JSON 저장: /Users/jarvis/Projects/investment-bot/output/intel/macro.json

✅ 매크로 수집 완료: 성공 8건, 실패 0건


📰 뉴스 수집 시작 — 2026-03-24 05:00 KST
  ✅ 삼성전자: 3건 수집
  ✅ 현대차: 3건 수집
  ✅ TIGER 코리아AI전력기: 3건 수집
  ✅ TIGER 미국방산TOP10: 3건 수집
  ✅ 테슬라: 3건 수집
  ✅ 알파벳: 3건 수집
  ✅ SPDR S&P Oil: 3건 수집
  ✅ 금 현물: 3건 수집
  ✅ geopolitics [미국 이란 전쟁 최신]: 2건 수집
  ✅ geopolitics [호르무즈 해협 봉쇄]: 2건 수집
  ✅ geopolitics [중동 전쟁 확전]: 2건 수집
  ✅ geopolitics [트럼프 이란 협상]: 2건 수집
  ✅ macro [연준 Fed 금리 결정]: 2건 수집
  ✅ macro [달러 인덱스 전망]: 2건 수집
  ✅ macro [WTI 유가 전망]: 2건 수집
  ✅ macro [원달러 환율 전망]: 2건 수집
  ✅ macro [코스피 전망 분석]: 2건 수집
  ✅ sector [에너지 ETF 강세 전망]: 2건 수집
  ✅ sector [방산주 투자 전망]: 2건 수집
  ✅ sector [AI 반도체 전망]: 2건 수집
  ✅ sector [한국 방산 수출]: 2건 수집
  ✅ opportunity [저평가 종목 발굴 추천]: 2건 수집
  ✅ opportunity [외국인 순매수 종목]: 2건 수집
  ✅ opportunity [52주 신저가 반등]: 2건 수집
  ✅ opportunity [섹터 로테이션 전략]: 2건 수집
  💾 뉴스 DB 저장: 20건 (중복 34건 스킵)
  📄 뉴스 JSON 저장: /Users/jarvis/Projects/investment-bot/output/intel/news.json

✅ 뉴스 수집 완료: 54건


🚨 알림 감지 시작 — 2026-03-24 05:00 KST

  ⚠️  4건 알림 감지:
    🔴 긴급: 삼성전자 -6.57% 급락 (현재가: 186,300.00)
    🔴 긴급: 현대차 -6.19% 급락 (현재가: 485,000.00)
    🔴 긴급: TIGER 코리아AI전력기 -6.08% 급락 (현재가: 17,305.00)
    🟡 주의: 금 현물 -9.63% 급락 (현재: $4,419.10)
  💾 알림 DB 저장: 4건
  🚨 알림 JSON 저장: /Users/jarvis/Projects/investment-bot/output/intel/alerts.json (4건)


🔍 종목 스크리너 시작 — 2026-03-24 05:00 KST

  📊 에너지 섹터 분석 중...
    🔺 Energy Select SPDR: 59.63 (1M: +8.23%)
    🔺 SPDR S&P Oil & Gas: 174.95 (1M: +16.98%)
    🔺 US Oil Fund: 110.53 (1M: +36.86%)
    🔺 KODEX WTI원유선물: 24,130.00 (1M: +56.94%)

  📊 방산 섹터 분석 중...
    🔻 iShares US Aerospace & Defense: 223.26 (1M: -8.17%)
    🔻 Lockheed Martin: 616.18 (1M: -7.26%)
    🔻 RTX Corp: 194.77 (1M: -1.86%)
    🔺 TIGER 미국방산TOP10: 14,510.00 (1M: +0.52%)
    🔺 한화에어로스페이스: 1,278,000.00 (1M: +3.40%)

  📊 AI 인프라 섹터 분석 중...
    🔻 NVIDIA: 175.64 (1M: -8.92%)
    🔻 VanEck Semiconductor: 391.36 (1M: -6.63%)
    🔻 Broadcom: 322.51 (1M: -0.92%)
    🔻 삼성전자: 186,300.00 (1M: -3.47%)
    🔻 SK하이닉스: 933,000.00 (1M: -1.89%)

  📄 스크리너 저장: /Users/jarvis/Projects/investment-bot/output/intel/screener.md
  ⭐ 주목 종목: 5개


💼 포트폴리오 분석 시작 — 2026-03-24 05:00 KST
  💱 적용 환율: 1,485.86원/USD
  📊 분석 종목: 8개
    원자재(금): 63.0%
    반도체: 18.2%
    자동차: 10.2%
    AI/전력: 2.4%
    방산: 2.2%
    빅테크: 2.1%
    전기차/AI: 1.3%
    에너지: 0.6%
  📉 일간 변동성: 0.41%
  📉 MDD: -5.67%

  🔴 총 포트폴리오: -2,930,087원 (-6.39%)
  📄 포트폴리오 요약 저장: /Users/jarvis/Projects/investment-bot/output/intel/portfolio_summary.json


📝 일일 리포트 생성 — 2026-03-24 05:00 KST
  📄 리포트 저장: /Users/jarvis/Projects/investment-bot/output/intel/daily_report.md
  📏 크기: 1,295 bytes

============================================================
✅ 파이프라인 완료
============================================================
============================================================
🏦 투자 인텔리전스 봇 — 일일 파이프라인
============================================================
✅ 데이터베이스 초기화 완료: /Users/jarvis/Projects/investment-bot/db/history.db

📊 주가 수집 시작 — 2026-03-25 05:00 KST
  ✅ 삼성전자 (005930.KS): 189,700.00 (+1.83%)
  ✅ 현대차 (005380.KS): 492,000.00 (+1.44%)
  ✅ TIGER 코리아AI전력기 (0117V0.KS): 17,505.00 (+1.16%)
  ✅ TIGER 미국방산TOP10 (458730.KS): 14,500.00 (-0.07%)
  ✅ 테슬라 (TSLA): 383.00 (+0.56%)
  ✅ 알파벳 (GOOGL): 290.43 (-3.89%)
  ✅ SPDR S&P Oil (XOP): 180.19 (+3.05%)
  ✅ 금 현물 (GOLD_KRW_G): 212,217.00 (+0.76%)
  💾 DB 저장 완료: 8건
  📄 JSON 저장: /Users/jarvis/Projects/investment-bot/output/intel/prices.json

✅ 수집 완료: 성공 8건, 실패 0건


🌍 매크로 지표 수집 시작 — 2026-03-25 05:00 KST
  ✅ 코스피: 5,553.92 (+2.74%)
  ✅ 코스닥: 1,121.44 (+2.24%)
  ✅ 원/달러: 1,500.09원 (+1.03%)
  ✅ WTI 유가: 91.60 (-4.72%)
  ✅ 브렌트유: 103.46 (-4.78%)
  ✅ 금 현물: 4,400.00 (-4.36%)
  ✅ 달러 인덱스: 99.39 (+0.16%)
  ✅ VIX: 26.72 (+6.50%)
  💾 DB 저장 완료: 8건
  📄 JSON 저장: /Users/jarvis/Projects/investment-bot/output/intel/macro.json

✅ 매크로 수집 완료: 성공 8건, 실패 0건


📰 뉴스 수집 시작 — 2026-03-25 05:00 KST
  ✅ [RSS] 삼성전자: 3건
  ✅ [RSS] 현대차: 3건
  ✅ [RSS] TIGER 코리아AI전력기: 3건
  ✅ [RSS] TIGER 미국방산TOP10: 3건
  ✅ [RSS] 테슬라: 3건
  ✅ [RSS] 알파벳: 3건
  ✅ [RSS] SPDR S&P Oil: 3건
  ✅ [RSS] geopolitics [이란 전쟁]: 3건
  ✅ [RSS] macro [코스피]: 3건
  ✅ [RSS] macro [원달러 환율]: 3건
  ✅ [RSS] macro [WTI 유가]: 3건
  ✅ [RSS] macro [연준 금리]: 3건
  ✅ [Brave] opportunity [저평가 종목 발굴]: 2건
  ✅ [Brave] opportunity [외국인 순매수 종목]: 2건
  ✅ [Brave] opportunity [52주 신저가 반등]: 2건
  ✅ [Brave] opportunity [섹터 로테이션 전략]: 2건
  💾 뉴스 DB 저장: 8건 (중복 36건 스킵)
  📄 뉴스 JSON 저장: /Users/jarvis/Projects/investment-bot/output/intel/news.json

✅ 뉴스 수집 완료: RSS 36건, Brave 8건 (합계 44건)


🚨 알림 감지 시작 — 2026-03-25 05:00 KST

  ⚠️  1건 알림 감지:
    🟡 주의: 금 현물 -4.36% 급락 (현재: $4,400.00)
  💾 알림 DB 저장: 1건
  🚨 알림 JSON 저장: /Users/jarvis/Projects/investment-bot/output/intel/alerts.json (1건)


🔍 종목 스크리너 시작 — 2026-03-25 05:00 KST

  📊 에너지 섹터 분석 중...
    🔺 Energy Select SPDR: 60.83 (1M: +10.86%)
    🔺 SPDR S&P Oil & Gas: 180.25 (1M: +21.47%)
    🔺 US Oil Fund: 114.53 (1M: +43.65%)
    🔺 KODEX WTI원유선물: 22,050.00 (1M: +41.53%)

  📊 방산 섹터 분석 중...
    🔻 iShares US Aerospace & Defense: 222.56 (1M: -7.73%)
    🔻 Lockheed Martin: 610.24 (1M: -5.75%)
    🔻 RTX Corp: 194.12 (1M: -0.95%)
    🔺 TIGER 미국방산TOP10: 14,500.00 (1M: +0.24%)
    🔺 한화에어로스페이스: 1,335,000.00 (1M: +7.57%)

  📊 AI 인프라 섹터 분석 중...
    🔻 NVIDIA: 175.20 (1M: -10.41%)
    🔻 VanEck Semiconductor: 394.59 (1M: -7.41%)
    🔻 Broadcom: 318.29 (1M: -4.22%)
    🔻 삼성전자: 189,700.00 (1M: -5.15%)
    🔻 SK하이닉스: 986,000.00 (1M: -1.89%)

  📄 스크리너 저장: /Users/jarvis/Projects/investment-bot/output/intel/screener.md
  ⭐ 주목 종목: 5개


💼 포트폴리오 분석 시작 — 2026-03-25 05:00 KST
  💱 적용 환율: 1,500.09원/USD
  📊 분석 종목: 8개
    원자재(금): 62.8%
    반도체: 18.4%
    자동차: 10.2%
    AI/전력: 2.4%
    방산: 2.1%
    빅테크: 2.0%
    전기차/AI: 1.3%
    에너지: 0.6%
  📉 일간 변동성: 2.16%
  📉 MDD: -3.17%

  🔴 총 포트폴리오: -2,602,339원 (-5.68%)
  📄 포트폴리오 요약 저장: /Users/jarvis/Projects/investment-bot/output/intel/portfolio_summary.json


📝 일일 리포트 생성 — 2026-03-25 05:00 KST
  📄 리포트 저장: /Users/jarvis/Projects/investment-bot/output/intel/daily_report.md
  📏 크기: 1,164 bytes

============================================================
✅ 파이프라인 완료
============================================================
