
📊 주가 수집 시작 — 2026-03-23 14:00 KST
  ✅ 삼성전자 (005930.KS): 187,900.00 (-5.77%)
  ✅ 현대차 (005380.KS): 488,000.00 (-5.61%)
  ✅ TIGER 코리아AI전력기 (0117V0.KS): 17,450.00 (-5.29%)
  ✅ TIGER 미국방산TOP10 (458730.KS): 14,480.00 (-0.55%)
  ✅ 테슬라 (TSLA): 367.96 (-3.24%)
  ✅ 알파벳 (GOOGL): 301.00 (-2.00%)
  ✅ SPDR S&P Oil (XOP): 177.12 (+1.19%)
  ✅ 금 현물 (GOLD_KRW_G): 211,885.00 (-4.27%)
  💾 DB 저장 완료: 8건
  📄 JSON 저장: /Users/jarvis/Projects/investment-bot/output/intel/prices.json

✅ 수집 완료: 성공 8건, 실패 0건


📊 주가 수집 시작 — 2026-03-23 14:10 KST
  ✅ 삼성전자 (005930.KS): 187,700.00 (-5.87%)
  ✅ 현대차 (005380.KS): 487,500.00 (-5.71%)
  ✅ TIGER 코리아AI전력기 (0117V0.KS): 17,395.00 (-5.59%)
  ✅ TIGER 미국방산TOP10 (458730.KS): 14,480.00 (-0.55%)
  ✅ 테슬라 (TSLA): 367.96 (-3.24%)
  ✅ 알파벳 (GOOGL): 301.00 (-2.00%)
  ✅ SPDR S&P Oil (XOP): 177.12 (+1.19%)
  ✅ 금 현물 (GOLD_KRW_G): 211,804.00 (-4.31%)
  💾 DB 저장 완료: 8건
  📄 JSON 저장: /Users/jarvis/Projects/investment-bot/output/intel/prices.json

✅ 수집 완료: 성공 8건, 실패 0건


📊 주가 수집 시작 — 2026-03-23 14:20 KST
  ✅ 삼성전자 (005930.KS): 188,000.00 (-5.72%)
  ✅ 현대차 (005380.KS): 488,000.00 (-5.61%)
  ✅ TIGER 코리아AI전력기 (0117V0.KS): 17,467.00 (-5.20%)
  ✅ TIGER 미국방산TOP10 (458730.KS): 14,475.00 (-0.58%)
  ✅ 테슬라 (TSLA): 367.96 (-3.24%)
  ✅ 알파벳 (GOOGL): 301.00 (-2.00%)
  ✅ SPDR S&P Oil (XOP): 177.12 (+1.19%)
  ✅ 금 현물 (GOLD_KRW_G): 212,165.00 (-4.15%)
  💾 DB 저장 완료: 8건
  📄 JSON 저장: /Users/jarvis/Projects/investment-bot/output/intel/prices.json

✅ 수집 완료: 성공 8건, 실패 0건


📊 주가 수집 시작 — 2026-03-23 14:30 KST
  ✅ 삼성전자 (005930.KS): 188,600.00 (-5.42%)
  ✅ 현대차 (005380.KS): 488,500.00 (-5.51%)
  ✅ TIGER 코리아AI전력기 (0117V0.KS): 17,510.00 (-4.97%)
  ✅ TIGER 미국방산TOP10 (458730.KS): 14,475.00 (-0.58%)
  ✅ 테슬라 (TSLA): 367.96 (-3.24%)
  ✅ 알파벳 (GOOGL): 301.00 (-2.00%)
  ✅ SPDR S&P Oil (XOP): 177.12 (+1.19%)
  ✅ 금 현물 (GOLD_KRW_G): 211,922.00 (-4.25%)
  💾 DB 저장 완료: 8건
  📄 JSON 저장: /Users/jarvis/Projects/investment-bot/output/intel/prices.json

✅ 수집 완료: 성공 8건, 실패 0건


📊 주가 수집 시작 — 2026-03-23 14:40 KST
  ✅ 삼성전자 (005930.KS): 188,500.00 (-5.47%)
  ✅ 현대차 (005380.KS): 488,750.00 (-5.46%)
  ✅ TIGER 코리아AI전력기 (0117V0.KS): 17,480.00 (-5.13%)
  ✅ TIGER 미국방산TOP10 (458730.KS): 14,485.00 (-0.52%)
  ✅ 테슬라 (TSLA): 367.96 (-3.24%)
  ✅ 알파벳 (GOOGL): 301.00 (-2.00%)
  ✅ SPDR S&P Oil (XOP): 177.12 (+1.19%)
  ✅ 금 현물 (GOLD_KRW_G): 211,430.00 (-4.48%)
  💾 DB 저장 완료: 8건
  📄 JSON 저장: /Users/jarvis/Projects/investment-bot/output/intel/prices.json

✅ 수집 완료: 성공 8건, 실패 0건

